Build started 1/30/2013 12:23:06 AM.
     1>Project "C:\Programming\Game Programming\Projects\Breakout\Breakout\Breakout\Breakout.vcxproj" on node 3 (build target(s)).
     1>InitializeBuildStatus:
         Creating "Release\Breakout.unsuccessfulbuild" because "AlwaysCreate" was specified.
       ClCompile:
         All outputs are up-to-date.
         c:\Program Files (x86)\Microsoft Visual Studio 10.0\VC\bin\CL.exe /c /Zi /nologo /W3 /WX- /O2 /Oi /Oy- /GL /D WIN32 /D NDEBUG /D _CONSOLE /D _UNICODE /D UNICODE /Gm- /EHsc /MD /GS /Gy /fp:precise /Zc:wchar_t /Zc:forScope /Fo"Release\\" /Fd"Release\vc100.pdb" /Gd /TP /analyze- /errorReport:prompt Breakout.cpp D3DGraphics.cpp Game.cpp Window.cpp
         Breakout.cpp
     1>c:\program files (x86)\microsoft directx sdk (june 2010)\include\dxgitype.h(12): warning C4005: 'DXGI_STATUS_OCCLUDED' : macro redefinition
                 C:\Program Files (x86)\Windows Kits\8.0\Include\shared\winerror.h(49449) : see previous definition of 'DXGI_STATUS_OCCLUDED'
     1>c:\program files (x86)\microsoft directx sdk (june 2010)\include\dxgitype.h(13): warning C4005: 'DXGI_STATUS_CLIPPED' : macro redefinition
                 C:\Program Files (x86)\Windows Kits\8.0\Include\shared\winerror.h(49458) : see previous definition of 'DXGI_STATUS_CLIPPED'
     1>c:\program files (x86)\microsoft directx sdk (june 2010)\include\dxgitype.h(14): warning C4005: 'DXGI_STATUS_NO_REDIRECTION' : macro redefinition
                 C:\Program Files (x86)\Windows Kits\8.0\Include\shared\winerror.h(49467) : see previous definition of 'DXGI_STATUS_NO_REDIRECTION'
     1>c:\program files (x86)\microsoft directx sdk (june 2010)\include\dxgitype.h(15): warning C4005: 'DXGI_STATUS_NO_DESKTOP_ACCESS' : macro redefinition
                 C:\Program Files (x86)\Windows Kits\8.0\Include\shared\winerror.h(49476) : see previous definition of 'DXGI_STATUS_NO_DESKTOP_ACCESS'
     1>c:\program files (x86)\microsoft directx sdk (june 2010)\include\dxgitype.h(16): warning C4005: 'DXGI_STATUS_GRAPHICS_VIDPN_SOURCE_IN_USE' : macro redefinition
                 C:\Program Files (x86)\Windows Kits\8.0\Include\shared\winerror.h(49485) : see previous definition of 'DXGI_STATUS_GRAPHICS_VIDPN_SOURCE_IN_USE'
     1>c:\program files (x86)\microsoft directx sdk (june 2010)\include\dxgitype.h(17): warning C4005: 'DXGI_STATUS_MODE_CHANGED' : macro redefinition
                 C:\Program Files (x86)\Windows Kits\8.0\Include\shared\winerror.h(49494) : see previous definition of 'DXGI_STATUS_MODE_CHANGED'
     1>c:\program files (x86)\microsoft directx sdk (june 2010)\include\dxgitype.h(18): warning C4005: 'DXGI_STATUS_MODE_CHANGE_IN_PROGRESS' : macro redefinition
                 C:\Program Files (x86)\Windows Kits\8.0\Include\shared\winerror.h(49503) : see previous definition of 'DXGI_STATUS_MODE_CHANGE_IN_PROGRESS'
     1>c:\program files (x86)\microsoft directx sdk (june 2010)\include\dxgitype.h(21): warning C4005: 'DXGI_ERROR_INVALID_CALL' : macro redefinition
                 C:\Program Files (x86)\Windows Kits\8.0\Include\shared\winerror.h(49518) : see previous definition of 'DXGI_ERROR_INVALID_CALL'
     1>c:\program files (x86)\microsoft directx sdk (june 2010)\include\dxgitype.h(22): warning C4005: 'DXGI_ERROR_NOT_FOUND' : macro redefinition
                 C:\Program Files (x86)\Windows Kits\8.0\Include\shared\winerror.h(49527) : see previous definition of 'DXGI_ERROR_NOT_FOUND'
     1>c:\program files (x86)\microsoft directx sdk (june 2010)\include\dxgitype.h(23): warning C4005: 'DXGI_ERROR_MORE_DATA' : macro redefinition
                 C:\Program Files (x86)\Windows Kits\8.0\Include\shared\winerror.h(49536) : see previous definition of 'DXGI_ERROR_MORE_DATA'
     1>c:\program files (x86)\microsoft directx sdk (june 2010)\include\dxgitype.h(24): warning C4005: 'DXGI_ERROR_UNSUPPORTED' : macro redefinition
                 C:\Program Files (x86)\Windows Kits\8.0\Include\shared\winerror.h(49545) : see previous definition of 'DXGI_ERROR_UNSUPPORTED'
     1>c:\program files (x86)\microsoft directx sdk (june 2010)\include\dxgitype.h(25): warning C4005: 'DXGI_ERROR_DEVICE_REMOVED' : macro redefinition
                 C:\Program Files (x86)\Windows Kits\8.0\Include\shared\winerror.h(49554) : see previous definition of 'DXGI_ERROR_DEVICE_REMOVED'
     1>c:\program files (x86)\microsoft directx sdk (june 2010)\include\dxgitype.h(26): warning C4005: 'DXGI_ERROR_DEVICE_HUNG' : macro redefinition
                 C:\Program Files (x86)\Windows Kits\8.0\Include\shared\winerror.h(49563) : see previous definition of 'DXGI_ERROR_DEVICE_HUNG'
     1>c:\program files (x86)\microsoft directx sdk (june 2010)\include\dxgitype.h(27): warning C4005: 'DXGI_ERROR_DEVICE_RESET' : macro redefinition
                 C:\Program Files (x86)\Windows Kits\8.0\Include\shared\winerror.h(49573) : see previous definition of 'DXGI_ERROR_DEVICE_RESET'
     1>c:\program files (x86)\microsoft directx sdk (june 2010)\include\dxgitype.h(28): warning C4005: 'DXGI_ERROR_WAS_STILL_DRAWING' : macro redefinition
                 C:\Program Files (x86)\Windows Kits\8.0\Include\shared\winerror.h(49582) : see previous definition of 'DXGI_ERROR_WAS_STILL_DRAWING'
     1>c:\program files (x86)\microsoft directx sdk (june 2010)\include\dxgitype.h(29): warning C4005: 'DXGI_ERROR_FRAME_STATISTICS_DISJOINT' : macro redefinition
                 C:\Program Files (x86)\Windows Kits\8.0\Include\shared\winerror.h(49592) : see previous definition of 'DXGI_ERROR_FRAME_STATISTICS_DISJOINT'
     1>c:\program files (x86)\microsoft directx sdk (june 2010)\include\dxgitype.h(30): warning C4005: 'DXGI_ERROR_GRAPHICS_VIDPN_SOURCE_IN_USE' : macro redefinition
                 C:\Program Files (x86)\Windows Kits\8.0\Include\shared\winerror.h(49601) : see previous definition of 'DXGI_ERROR_GRAPHICS_VIDPN_SOURCE_IN_USE'
     1>c:\program files (x86)\microsoft directx sdk (june 2010)\include\dxgitype.h(31): warning C4005: 'DXGI_ERROR_DRIVER_INTERNAL_ERROR' : macro redefinition
                 C:\Program Files (x86)\Windows Kits\8.0\Include\shared\winerror.h(49611) : see previous definition of 'DXGI_ERROR_DRIVER_INTERNAL_ERROR'
     1>c:\program files (x86)\microsoft directx sdk (june 2010)\include\dxgitype.h(32): warning C4005: 'DXGI_ERROR_NONEXCLUSIVE' : macro redefinition
                 C:\Program Files (x86)\Windows Kits\8.0\Include\shared\winerror.h(49620) : see previous definition of 'DXGI_ERROR_NONEXCLUSIVE'
     1>c:\program files (x86)\microsoft directx sdk (june 2010)\include\dxgitype.h(33): warning C4005: 'DXGI_ERROR_NOT_CURRENTLY_AVAILABLE' : macro redefinition
                 C:\Program Files (x86)\Windows Kits\8.0\Include\shared\winerror.h(49629) : see previous definition of 'DXGI_ERROR_NOT_CURRENTLY_AVAILABLE'
     1>c:\program files (x86)\microsoft directx sdk (june 2010)\include\dxgitype.h(34): warning C4005: 'DXGI_ERROR_REMOTE_CLIENT_DISCONNECTED' : macro redefinition
                 C:\Program Files (x86)\Windows Kits\8.0\Include\shared\winerror.h(49639) : see previous definition of 'DXGI_ERROR_REMOTE_CLIENT_DISCONNECTED'
     1>c:\program files (x86)\microsoft directx sdk (june 2010)\include\dxgitype.h(35): warning C4005: 'DXGI_ERROR_REMOTE_OUTOFMEMORY' : macro redefinition
                 C:\Program Files (x86)\Windows Kits\8.0\Include\shared\winerror.h(49648) : see previous definition of 'DXGI_ERROR_REMOTE_OUTOFMEMORY'
     1>C:\Program Files (x86)\Microsoft DirectX SDK (June 2010)\include\d3d11.h(917): warning C4005: 'D3D11_ERROR_TOO_MANY_UNIQUE_STATE_OBJECTS' : macro redefinition
                 C:\Program Files (x86)\Windows Kits\8.0\Include\shared\winerror.h(49817) : see previous definition of 'D3D11_ERROR_TOO_MANY_UNIQUE_STATE_OBJECTS'
     1>C:\Program Files (x86)\Microsoft DirectX SDK (June 2010)\include\d3d11.h(918): warning C4005: 'D3D11_ERROR_FILE_NOT_FOUND' : macro redefinition
                 C:\Program Files (x86)\Windows Kits\8.0\Include\shared\winerror.h(49826) : see previous definition of 'D3D11_ERROR_FILE_NOT_FOUND'
     1>C:\Program Files (x86)\Microsoft DirectX SDK (June 2010)\include\d3d11.h(919): warning C4005: 'D3D11_ERROR_TOO_MANY_UNIQUE_VIEW_OBJECTS' : macro redefinition
                 C:\Program Files (x86)\Windows Kits\8.0\Include\shared\winerror.h(49836) : see previous definition of 'D3D11_ERROR_TOO_MANY_UNIQUE_VIEW_OBJECTS'
     1>C:\Program Files (x86)\Microsoft DirectX SDK (June 2010)\include\d3d11.h(920): warning C4005: 'D3D11_ERROR_DEFERRED_CONTEXT_MAP_WITHOUT_INITIAL_DISCARD' : macro redefinition
                 C:\Program Files (x86)\Windows Kits\8.0\Include\shared\winerror.h(49845) : see previous definition of 'D3D11_ERROR_DEFERRED_CONTEXT_MAP_WITHOUT_INITIAL_DISCARD'
     1>c:\program files (x86)\microsoft directx sdk (june 2010)\include\d3d10.h(608): warning C4005: 'D3D10_ERROR_TOO_MANY_UNIQUE_STATE_OBJECTS' : macro redefinition
                 C:\Program Files (x86)\Windows Kits\8.0\Include\shared\winerror.h(49793) : see previous definition of 'D3D10_ERROR_TOO_MANY_UNIQUE_STATE_OBJECTS'
     1>c:\program files (x86)\microsoft directx sdk (june 2010)\include\d3d10.h(609): warning C4005: 'D3D10_ERROR_FILE_NOT_FOUND' : macro redefinition
                 C:\Program Files (x86)\Windows Kits\8.0\Include\shared\winerror.h(49802) : see previous definition of 'D3D10_ERROR_FILE_NOT_FOUND'
     1>c:\programming\game programming\projects\breakout\breakout\breakout\D3DGraphics.h(6): fatal error C1083: Cannot open include file: 'SpriteFont.h': No such file or directory
         D3DGraphics.cpp
     1>c:\program files (x86)\microsoft directx sdk (june 2010)\include\dxgitype.h(12): warning C4005: 'DXGI_STATUS_OCCLUDED' : macro redefinition
                 C:\Program Files (x86)\Windows Kits\8.0\Include\shared\winerror.h(49449) : see previous definition of 'DXGI_STATUS_OCCLUDED'
     1>c:\program files (x86)\microsoft directx sdk (june 2010)\include\dxgitype.h(13): warning C4005: 'DXGI_STATUS_CLIPPED' : macro redefinition
                 C:\Program Files (x86)\Windows Kits\8.0\Include\shared\winerror.h(49458) : see previous definition of 'DXGI_STATUS_CLIPPED'
     1>c:\program files (x86)\microsoft directx sdk (june 2010)\include\dxgitype.h(14): warning C4005: 'DXGI_STATUS_NO_REDIRECTION' : macro redefinition
                 C:\Program Files (x86)\Windows Kits\8.0\Include\shared\winerror.h(49467) : see previous definition of 'DXGI_STATUS_NO_REDIRECTION'
     1>c:\program files (x86)\microsoft directx sdk (june 2010)\include\dxgitype.h(15): warning C4005: 'DXGI_STATUS_NO_DESKTOP_ACCESS' : macro redefinition
                 C:\Program Files (x86)\Windows Kits\8.0\Include\shared\winerror.h(49476) : see previous definition of 'DXGI_STATUS_NO_DESKTOP_ACCESS'
     1>c:\program files (x86)\microsoft directx sdk (june 2010)\include\dxgitype.h(16): warning C4005: 'DXGI_STATUS_GRAPHICS_VIDPN_SOURCE_IN_USE' : macro redefinition
                 C:\Program Files (x86)\Windows Kits\8.0\Include\shared\winerror.h(49485) : see previous definition of 'DXGI_STATUS_GRAPHICS_VIDPN_SOURCE_IN_USE'
     1>c:\program files (x86)\microsoft directx sdk (june 2010)\include\dxgitype.h(17): warning C4005: 'DXGI_STATUS_MODE_CHANGED' : macro redefinition
                 C:\Program Files (x86)\Windows Kits\8.0\Include\shared\winerror.h(49494) : see previous definition of 'DXGI_STATUS_MODE_CHANGED'
     1>c:\program files (x86)\microsoft directx sdk (june 2010)\include\dxgitype.h(18): warning C4005: 'DXGI_STATUS_MODE_CHANGE_IN_PROGRESS' : macro redefinition
                 C:\Program Files (x86)\Windows Kits\8.0\Include\shared\winerror.h(49503) : see previous definition of 'DXGI_STATUS_MODE_CHANGE_IN_PROGRESS'
     1>c:\program files (x86)\microsoft directx sdk (june 2010)\include\dxgitype.h(21): warning C4005: 'DXGI_ERROR_INVALID_CALL' : macro redefinition
                 C:\Program Files (x86)\Windows Kits\8.0\Include\shared\winerror.h(49518) : see previous definition of 'DXGI_ERROR_INVALID_CALL'
     1>c:\program files (x86)\microsoft directx sdk (june 2010)\include\dxgitype.h(22): warning C4005: 'DXGI_ERROR_NOT_FOUND' : macro redefinition
                 C:\Program Files (x86)\Windows Kits\8.0\Include\shared\winerror.h(49527) : see previous definition of 'DXGI_ERROR_NOT_FOUND'
     1>c:\program files (x86)\microsoft directx sdk (june 2010)\include\dxgitype.h(23): warning C4005: 'DXGI_ERROR_MORE_DATA' : macro redefinition
                 C:\Program Files (x86)\Windows Kits\8.0\Include\shared\winerror.h(49536) : see previous definition of 'DXGI_ERROR_MORE_DATA'
     1>c:\program files (x86)\microsoft directx sdk (june 2010)\include\dxgitype.h(24): warning C4005: 'DXGI_ERROR_UNSUPPORTED' : macro redefinition
                 C:\Program Files (x86)\Windows Kits\8.0\Include\shared\winerror.h(49545) : see previous definition of 'DXGI_ERROR_UNSUPPORTED'
     1>c:\program files (x86)\microsoft directx sdk (june 2010)\include\dxgitype.h(25): warning C4005: 'DXGI_ERROR_DEVICE_REMOVED' : macro redefinition
                 C:\Program Files (x86)\Windows Kits\8.0\Include\shared\winerror.h(49554) : see previous definition of 'DXGI_ERROR_DEVICE_REMOVED'
     1>c:\program files (x86)\microsoft directx sdk (june 2010)\include\dxgitype.h(26): warning C4005: 'DXGI_ERROR_DEVICE_HUNG' : macro redefinition
                 C:\Program Files (x86)\Windows Kits\8.0\Include\shared\winerror.h(49563) : see previous definition of 'DXGI_ERROR_DEVICE_HUNG'
     1>c:\program files (x86)\microsoft directx sdk (june 2010)\include\dxgitype.h(27): warning C4005: 'DXGI_ERROR_DEVICE_RESET' : macro redefinition
                 C:\Program Files (x86)\Windows Kits\8.0\Include\shared\winerror.h(49573) : see previous definition of 'DXGI_ERROR_DEVICE_RESET'
     1>c:\program files (x86)\microsoft directx sdk (june 2010)\include\dxgitype.h(28): warning C4005: 'DXGI_ERROR_WAS_STILL_DRAWING' : macro redefinition
                 C:\Program Files (x86)\Windows Kits\8.0\Include\shared\winerror.h(49582) : see previous definition of 'DXGI_ERROR_WAS_STILL_DRAWING'
     1>c:\program files (x86)\microsoft directx sdk (june 2010)\include\dxgitype.h(29): warning C4005: 'DXGI_ERROR_FRAME_STATISTICS_DISJOINT' : macro redefinition
                 C:\Program Files (x86)\Windows Kits\8.0\Include\shared\winerror.h(49592) : see previous definition of 'DXGI_ERROR_FRAME_STATISTICS_DISJOINT'
     1>c:\program files (x86)\microsoft directx sdk (june 2010)\include\dxgitype.h(30): warning C4005: 'DXGI_ERROR_GRAPHICS_VIDPN_SOURCE_IN_USE' : macro redefinition
                 C:\Program Files (x86)\Windows Kits\8.0\Include\shared\winerror.h(49601) : see previous definition of 'DXGI_ERROR_GRAPHICS_VIDPN_SOURCE_IN_USE'
     1>c:\program files (x86)\microsoft directx sdk (june 2010)\include\dxgitype.h(31): warning C4005: 'DXGI_ERROR_DRIVER_INTERNAL_ERROR' : macro redefinition
                 C:\Program Files (x86)\Windows Kits\8.0\Include\shared\winerror.h(49611) : see previous definition of 'DXGI_ERROR_DRIVER_INTERNAL_ERROR'
     1>c:\program files (x86)\microsoft directx sdk (june 2010)\include\dxgitype.h(32): warning C4005: 'DXGI_ERROR_NONEXCLUSIVE' : macro redefinition
                 C:\Program Files (x86)\Windows Kits\8.0\Include\shared\winerror.h(49620) : see previous definition of 'DXGI_ERROR_NONEXCLUSIVE'
     1>c:\program files (x86)\microsoft directx sdk (june 2010)\include\dxgitype.h(33): warning C4005: 'DXGI_ERROR_NOT_CURRENTLY_AVAILABLE' : macro redefinition
                 C:\Program Files (x86)\Windows Kits\8.0\Include\shared\winerror.h(49629) : see previous definition of 'DXGI_ERROR_NOT_CURRENTLY_AVAILABLE'
     1>c:\program files (x86)\microsoft directx sdk (june 2010)\include\dxgitype.h(34): warning C4005: 'DXGI_ERROR_REMOTE_CLIENT_DISCONNECTED' : macro redefinition
                 C:\Program Files (x86)\Windows Kits\8.0\Include\shared\winerror.h(49639) : see previous definition of 'DXGI_ERROR_REMOTE_CLIENT_DISCONNECTED'
     1>c:\program files (x86)\microsoft directx sdk (june 2010)\include\dxgitype.h(35): warning C4005: 'DXGI_ERROR_REMOTE_OUTOFMEMORY' : macro redefinition
                 C:\Program Files (x86)\Windows Kits\8.0\Include\shared\winerror.h(49648) : see previous definition of 'DXGI_ERROR_REMOTE_OUTOFMEMORY'
     1>C:\Program Files (x86)\Microsoft DirectX SDK (June 2010)\include\d3d11.h(917): warning C4005: 'D3D11_ERROR_TOO_MANY_UNIQUE_STATE_OBJECTS' : macro redefinition
                 C:\Program Files (x86)\Windows Kits\8.0\Include\shared\winerror.h(49817) : see previous definition of 'D3D11_ERROR_TOO_MANY_UNIQUE_STATE_OBJECTS'
     1>C:\Program Files (x86)\Microsoft DirectX SDK (June 2010)\include\d3d11.h(918): warning C4005: 'D3D11_ERROR_FILE_NOT_FOUND' : macro redefinition
                 C:\Program Files (x86)\Windows Kits\8.0\Include\shared\winerror.h(49826) : see previous definition of 'D3D11_ERROR_FILE_NOT_FOUND'
     1>C:\Program Files (x86)\Microsoft DirectX SDK (June 2010)\include\d3d11.h(919): warning C4005: 'D3D11_ERROR_TOO_MANY_UNIQUE_VIEW_OBJECTS' : macro redefinition
                 C:\Program Files (x86)\Windows Kits\8.0\Include\shared\winerror.h(49836) : see previous definition of 'D3D11_ERROR_TOO_MANY_UNIQUE_VIEW_OBJECTS'
     1>C:\Program Files (x86)\Microsoft DirectX SDK (June 2010)\include\d3d11.h(920): warning C4005: 'D3D11_ERROR_DEFERRED_CONTEXT_MAP_WITHOUT_INITIAL_DISCARD' : macro redefinition
                 C:\Program Files (x86)\Windows Kits\8.0\Include\shared\winerror.h(49845) : see previous definition of 'D3D11_ERROR_DEFERRED_CONTEXT_MAP_WITHOUT_INITIAL_DISCARD'
     1>c:\program files (x86)\microsoft directx sdk (june 2010)\include\d3d10.h(608): warning C4005: 'D3D10_ERROR_TOO_MANY_UNIQUE_STATE_OBJECTS' : macro redefinition
                 C:\Program Files (x86)\Windows Kits\8.0\Include\shared\winerror.h(49793) : see previous definition of 'D3D10_ERROR_TOO_MANY_UNIQUE_STATE_OBJECTS'
     1>c:\program files (x86)\microsoft directx sdk (june 2010)\include\d3d10.h(609): warning C4005: 'D3D10_ERROR_FILE_NOT_FOUND' : macro redefinition
                 C:\Program Files (x86)\Windows Kits\8.0\Include\shared\winerror.h(49802) : see previous definition of 'D3D10_ERROR_FILE_NOT_FOUND'
     1>c:\programming\game programming\projects\breakout\breakout\breakout\D3DGraphics.h(6): fatal error C1083: Cannot open include file: 'SpriteFont.h': No such file or directory
         Game.cpp
     1>c:\program files (x86)\microsoft directx sdk (june 2010)\include\dxgitype.h(12): warning C4005: 'DXGI_STATUS_OCCLUDED' : macro redefinition
                 C:\Program Files (x86)\Windows Kits\8.0\Include\shared\winerror.h(49449) : see previous definition of 'DXGI_STATUS_OCCLUDED'
     1>c:\program files (x86)\microsoft directx sdk (june 2010)\include\dxgitype.h(13): warning C4005: 'DXGI_STATUS_CLIPPED' : macro redefinition
                 C:\Program Files (x86)\Windows Kits\8.0\Include\shared\winerror.h(49458) : see previous definition of 'DXGI_STATUS_CLIPPED'
     1>c:\program files (x86)\microsoft directx sdk (june 2010)\include\dxgitype.h(14): warning C4005: 'DXGI_STATUS_NO_REDIRECTION' : macro redefinition
                 C:\Program Files (x86)\Windows Kits\8.0\Include\shared\winerror.h(49467) : see previous definition of 'DXGI_STATUS_NO_REDIRECTION'
     1>c:\program files (x86)\microsoft directx sdk (june 2010)\include\dxgitype.h(15): warning C4005: 'DXGI_STATUS_NO_DESKTOP_ACCESS' : macro redefinition
                 C:\Program Files (x86)\Windows Kits\8.0\Include\shared\winerror.h(49476) : see previous definition of 'DXGI_STATUS_NO_DESKTOP_ACCESS'
     1>c:\program files (x86)\microsoft directx sdk (june 2010)\include\dxgitype.h(16): warning C4005: 'DXGI_STATUS_GRAPHICS_VIDPN_SOURCE_IN_USE' : macro redefinition
                 C:\Program Files (x86)\Windows Kits\8.0\Include\shared\winerror.h(49485) : see previous definition of 'DXGI_STATUS_GRAPHICS_VIDPN_SOURCE_IN_USE'
     1>c:\program files (x86)\microsoft directx sdk (june 2010)\include\dxgitype.h(17): warning C4005: 'DXGI_STATUS_MODE_CHANGED' : macro redefinition
                 C:\Program Files (x86)\Windows Kits\8.0\Include\shared\winerror.h(49494) : see previous definition of 'DXGI_STATUS_MODE_CHANGED'
     1>c:\program files (x86)\microsoft directx sdk (june 2010)\include\dxgitype.h(18): warning C4005: 'DXGI_STATUS_MODE_CHANGE_IN_PROGRESS' : macro redefinition
                 C:\Program Files (x86)\Windows Kits\8.0\Include\shared\winerror.h(49503) : see previous definition of 'DXGI_STATUS_MODE_CHANGE_IN_PROGRESS'
     1>c:\program files (x86)\microsoft directx sdk (june 2010)\include\dxgitype.h(21): warning C4005: 'DXGI_ERROR_INVALID_CALL' : macro redefinition
                 C:\Program Files (x86)\Windows Kits\8.0\Include\shared\winerror.h(49518) : see previous definition of 'DXGI_ERROR_INVALID_CALL'
     1>c:\program files (x86)\microsoft directx sdk (june 2010)\include\dxgitype.h(22): warning C4005: 'DXGI_ERROR_NOT_FOUND' : macro redefinition
                 C:\Program Files (x86)\Windows Kits\8.0\Include\shared\winerror.h(49527) : see previous definition of 'DXGI_ERROR_NOT_FOUND'
     1>c:\program files (x86)\microsoft directx sdk (june 2010)\include\dxgitype.h(23): warning C4005: 'DXGI_ERROR_MORE_DATA' : macro redefinition
                 C:\Program Files (x86)\Windows Kits\8.0\Include\shared\winerror.h(49536) : see previous definition of 'DXGI_ERROR_MORE_DATA'
     1>c:\program files (x86)\microsoft directx sdk (june 2010)\include\dxgitype.h(24): warning C4005: 'DXGI_ERROR_UNSUPPORTED' : macro redefinition
                 C:\Program Files (x86)\Windows Kits\8.0\Include\shared\winerror.h(49545) : see previous definition of 'DXGI_ERROR_UNSUPPORTED'
     1>c:\program files (x86)\microsoft directx sdk (june 2010)\include\dxgitype.h(25): warning C4005: 'DXGI_ERROR_DEVICE_REMOVED' : macro redefinition
                 C:\Program Files (x86)\Windows Kits\8.0\Include\shared\winerror.h(49554) : see previous definition of 'DXGI_ERROR_DEVICE_REMOVED'
     1>c:\program files (x86)\microsoft directx sdk (june 2010)\include\dxgitype.h(26): warning C4005: 'DXGI_ERROR_DEVICE_HUNG' : macro redefinition
                 C:\Program Files (x86)\Windows Kits\8.0\Include\shared\winerror.h(49563) : see previous definition of 'DXGI_ERROR_DEVICE_HUNG'
     1>c:\program files (x86)\microsoft directx sdk (june 2010)\include\dxgitype.h(27): warning C4005: 'DXGI_ERROR_DEVICE_RESET' : macro redefinition
                 C:\Program Files (x86)\Windows Kits\8.0\Include\shared\winerror.h(49573) : see previous definition of 'DXGI_ERROR_DEVICE_RESET'
     1>c:\program files (x86)\microsoft directx sdk (june 2010)\include\dxgitype.h(28): warning C4005: 'DXGI_ERROR_WAS_STILL_DRAWING' : macro redefinition
                 C:\Program Files (x86)\Windows Kits\8.0\Include\shared\winerror.h(49582) : see previous definition of 'DXGI_ERROR_WAS_STILL_DRAWING'
     1>c:\program files (x86)\microsoft directx sdk (june 2010)\include\dxgitype.h(29): warning C4005: 'DXGI_ERROR_FRAME_STATISTICS_DISJOINT' : macro redefinition
                 C:\Program Files (x86)\Windows Kits\8.0\Include\shared\winerror.h(49592) : see previous definition of 'DXGI_ERROR_FRAME_STATISTICS_DISJOINT'
     1>c:\program files (x86)\microsoft directx sdk (june 2010)\include\dxgitype.h(30): warning C4005: 'DXGI_ERROR_GRAPHICS_VIDPN_SOURCE_IN_USE' : macro redefinition
                 C:\Program Files (x86)\Windows Kits\8.0\Include\shared\winerror.h(49601) : see previous definition of 'DXGI_ERROR_GRAPHICS_VIDPN_SOURCE_IN_USE'
     1>c:\program files (x86)\microsoft directx sdk (june 2010)\include\dxgitype.h(31): warning C4005: 'DXGI_ERROR_DRIVER_INTERNAL_ERROR' : macro redefinition
                 C:\Program Files (x86)\Windows Kits\8.0\Include\shared\winerror.h(49611) : see previous definition of 'DXGI_ERROR_DRIVER_INTERNAL_ERROR'
     1>c:\program files (x86)\microsoft directx sdk (june 2010)\include\dxgitype.h(32): warning C4005: 'DXGI_ERROR_NONEXCLUSIVE' : macro redefinition
                 C:\Program Files (x86)\Windows Kits\8.0\Include\shared\winerror.h(49620) : see previous definition of 'DXGI_ERROR_NONEXCLUSIVE'
     1>c:\program files (x86)\microsoft directx sdk (june 2010)\include\dxgitype.h(33): warning C4005: 'DXGI_ERROR_NOT_CURRENTLY_AVAILABLE' : macro redefinition
                 C:\Program Files (x86)\Windows Kits\8.0\Include\shared\winerror.h(49629) : see previous definition of 'DXGI_ERROR_NOT_CURRENTLY_AVAILABLE'
     1>c:\program files (x86)\microsoft directx sdk (june 2010)\include\dxgitype.h(34): warning C4005: 'DXGI_ERROR_REMOTE_CLIENT_DISCONNECTED' : macro redefinition
                 C:\Program Files (x86)\Windows Kits\8.0\Include\shared\winerror.h(49639) : see previous definition of 'DXGI_ERROR_REMOTE_CLIENT_DISCONNECTED'
     1>c:\program files (x86)\microsoft directx sdk (june 2010)\include\dxgitype.h(35): warning C4005: 'DXGI_ERROR_REMOTE_OUTOFMEMORY' : macro redefinition
                 C:\Program Files (x86)\Windows Kits\8.0\Include\shared\winerror.h(49648) : see previous definition of 'DXGI_ERROR_REMOTE_OUTOFMEMORY'
     1>C:\Program Files (x86)\Microsoft DirectX SDK (June 2010)\include\d3d11.h(917): warning C4005: 'D3D11_ERROR_TOO_MANY_UNIQUE_STATE_OBJECTS' : macro redefinition
                 C:\Program Files (x86)\Windows Kits\8.0\Include\shared\winerror.h(49817) : see previous definition of 'D3D11_ERROR_TOO_MANY_UNIQUE_STATE_OBJECTS'
     1>C:\Program Files (x86)\Microsoft DirectX SDK (June 2010)\include\d3d11.h(918): warning C4005: 'D3D11_ERROR_FILE_NOT_FOUND' : macro redefinition
                 C:\Program Files (x86)\Windows Kits\8.0\Include\shared\winerror.h(49826) : see previous definition of 'D3D11_ERROR_FILE_NOT_FOUND'
     1>C:\Program Files (x86)\Microsoft DirectX SDK (June 2010)\include\d3d11.h(919): warning C4005: 'D3D11_ERROR_TOO_MANY_UNIQUE_VIEW_OBJECTS' : macro redefinition
                 C:\Program Files (x86)\Windows Kits\8.0\Include\shared\winerror.h(49836) : see previous definition of 'D3D11_ERROR_TOO_MANY_UNIQUE_VIEW_OBJECTS'
     1>C:\Program Files (x86)\Microsoft DirectX SDK (June 2010)\include\d3d11.h(920): warning C4005: 'D3D11_ERROR_DEFERRED_CONTEXT_MAP_WITHOUT_INITIAL_DISCARD' : macro redefinition
                 C:\Program Files (x86)\Windows Kits\8.0\Include\shared\winerror.h(49845) : see previous definition of 'D3D11_ERROR_DEFERRED_CONTEXT_MAP_WITHOUT_INITIAL_DISCARD'
     1>c:\program files (x86)\microsoft directx sdk (june 2010)\include\d3d10.h(608): warning C4005: 'D3D10_ERROR_TOO_MANY_UNIQUE_STATE_OBJECTS' : macro redefinition
                 C:\Program Files (x86)\Windows Kits\8.0\Include\shared\winerror.h(49793) : see previous definition of 'D3D10_ERROR_TOO_MANY_UNIQUE_STATE_OBJECTS'
     1>c:\program files (x86)\microsoft directx sdk (june 2010)\include\d3d10.h(609): warning C4005: 'D3D10_ERROR_FILE_NOT_FOUND' : macro redefinition
                 C:\Program Files (x86)\Windows Kits\8.0\Include\shared\winerror.h(49802) : see previous definition of 'D3D10_ERROR_FILE_NOT_FOUND'
     1>c:\programming\game programming\projects\breakout\breakout\breakout\D3DGraphics.h(6): fatal error C1083: Cannot open include file: 'SpriteFont.h': No such file or directory
         Window.cpp
     1>c:\program files (x86)\microsoft directx sdk (june 2010)\include\dxgitype.h(12): warning C4005: 'DXGI_STATUS_OCCLUDED' : macro redefinition
                 C:\Program Files (x86)\Windows Kits\8.0\Include\shared\winerror.h(49449) : see previous definition of 'DXGI_STATUS_OCCLUDED'
     1>c:\program files (x86)\microsoft directx sdk (june 2010)\include\dxgitype.h(13): warning C4005: 'DXGI_STATUS_CLIPPED' : macro redefinition
                 C:\Program Files (x86)\Windows Kits\8.0\Include\shared\winerror.h(49458) : see previous definition of 'DXGI_STATUS_CLIPPED'
     1>c:\program files (x86)\microsoft directx sdk (june 2010)\include\dxgitype.h(14): warning C4005: 'DXGI_STATUS_NO_REDIRECTION' : macro redefinition
                 C:\Program Files (x86)\Windows Kits\8.0\Include\shared\winerror.h(49467) : see previous definition of 'DXGI_STATUS_NO_REDIRECTION'
     1>c:\program files (x86)\microsoft directx sdk (june 2010)\include\dxgitype.h(15): warning C4005: 'DXGI_STATUS_NO_DESKTOP_ACCESS' : macro redefinition
                 C:\Program Files (x86)\Windows Kits\8.0\Include\shared\winerror.h(49476) : see previous definition of 'DXGI_STATUS_NO_DESKTOP_ACCESS'
     1>c:\program files (x86)\microsoft directx sdk (june 2010)\include\dxgitype.h(16): warning C4005: 'DXGI_STATUS_GRAPHICS_VIDPN_SOURCE_IN_USE' : macro redefinition
                 C:\Program Files (x86)\Windows Kits\8.0\Include\shared\winerror.h(49485) : see previous definition of 'DXGI_STATUS_GRAPHICS_VIDPN_SOURCE_IN_USE'
     1>c:\program files (x86)\microsoft directx sdk (june 2010)\include\dxgitype.h(17): warning C4005: 'DXGI_STATUS_MODE_CHANGED' : macro redefinition
                 C:\Program Files (x86)\Windows Kits\8.0\Include\shared\winerror.h(49494) : see previous definition of 'DXGI_STATUS_MODE_CHANGED'
     1>c:\program files (x86)\microsoft directx sdk (june 2010)\include\dxgitype.h(18): warning C4005: 'DXGI_STATUS_MODE_CHANGE_IN_PROGRESS' : macro redefinition
                 C:\Program Files (x86)\Windows Kits\8.0\Include\shared\winerror.h(49503) : see previous definition of 'DXGI_STATUS_MODE_CHANGE_IN_PROGRESS'
     1>c:\program files (x86)\microsoft directx sdk (june 2010)\include\dxgitype.h(21): warning C4005: 'DXGI_ERROR_INVALID_CALL' : macro redefinition
                 C:\Program Files (x86)\Windows Kits\8.0\Include\shared\winerror.h(49518) : see previous definition of 'DXGI_ERROR_INVALID_CALL'
     1>c:\program files (x86)\microsoft directx sdk (june 2010)\include\dxgitype.h(22): warning C4005: 'DXGI_ERROR_NOT_FOUND' : macro redefinition
                 C:\Program Files (x86)\Windows Kits\8.0\Include\shared\winerror.h(49527) : see previous definition of 'DXGI_ERROR_NOT_FOUND'
     1>c:\program files (x86)\microsoft directx sdk (june 2010)\include\dxgitype.h(23): warning C4005: 'DXGI_ERROR_MORE_DATA' : macro redefinition
                 C:\Program Files (x86)\Windows Kits\8.0\Include\shared\winerror.h(49536) : see previous definition of 'DXGI_ERROR_MORE_DATA'
     1>c:\program files (x86)\microsoft directx sdk (june 2010)\include\dxgitype.h(24): warning C4005: 'DXGI_ERROR_UNSUPPORTED' : macro redefinition
                 C:\Program Files (x86)\Windows Kits\8.0\Include\shared\winerror.h(49545) : see previous definition of 'DXGI_ERROR_UNSUPPORTED'
     1>c:\program files (x86)\microsoft directx sdk (june 2010)\include\dxgitype.h(25): warning C4005: 'DXGI_ERROR_DEVICE_REMOVED' : macro redefinition
                 C:\Program Files (x86)\Windows Kits\8.0\Include\shared\winerror.h(49554) : see previous definition of 'DXGI_ERROR_DEVICE_REMOVED'
     1>c:\program files (x86)\microsoft directx sdk (june 2010)\include\dxgitype.h(26): warning C4005: 'DXGI_ERROR_DEVICE_HUNG' : macro redefinition
                 C:\Program Files (x86)\Windows Kits\8.0\Include\shared\winerror.h(49563) : see previous definition of 'DXGI_ERROR_DEVICE_HUNG'
     1>c:\program files (x86)\microsoft directx sdk (june 2010)\include\dxgitype.h(27): warning C4005: 'DXGI_ERROR_DEVICE_RESET' : macro redefinition
                 C:\Program Files (x86)\Windows Kits\8.0\Include\shared\winerror.h(49573) : see previous definition of 'DXGI_ERROR_DEVICE_RESET'
     1>c:\program files (x86)\microsoft directx sdk (june 2010)\include\dxgitype.h(28): warning C4005: 'DXGI_ERROR_WAS_STILL_DRAWING' : macro redefinition
                 C:\Program Files (x86)\Windows Kits\8.0\Include\shared\winerror.h(49582) : see previous definition of 'DXGI_ERROR_WAS_STILL_DRAWING'
     1>c:\program files (x86)\microsoft directx sdk (june 2010)\include\dxgitype.h(29): warning C4005: 'DXGI_ERROR_FRAME_STATISTICS_DISJOINT' : macro redefinition
                 C:\Program Files (x86)\Windows Kits\8.0\Include\shared\winerror.h(49592) : see previous definition of 'DXGI_ERROR_FRAME_STATISTICS_DISJOINT'
     1>c:\program files (x86)\microsoft directx sdk (june 2010)\include\dxgitype.h(30): warning C4005: 'DXGI_ERROR_GRAPHICS_VIDPN_SOURCE_IN_USE' : macro redefinition
                 C:\Program Files (x86)\Windows Kits\8.0\Include\shared\winerror.h(49601) : see previous definition of 'DXGI_ERROR_GRAPHICS_VIDPN_SOURCE_IN_USE'
     1>c:\program files (x86)\microsoft directx sdk (june 2010)\include\dxgitype.h(31): warning C4005: 'DXGI_ERROR_DRIVER_INTERNAL_ERROR' : macro redefinition
                 C:\Program Files (x86)\Windows Kits\8.0\Include\shared\winerror.h(49611) : see previous definition of 'DXGI_ERROR_DRIVER_INTERNAL_ERROR'
     1>c:\program files (x86)\microsoft directx sdk (june 2010)\include\dxgitype.h(32): warning C4005: 'DXGI_ERROR_NONEXCLUSIVE' : macro redefinition
                 C:\Program Files (x86)\Windows Kits\8.0\Include\shared\winerror.h(49620) : see previous definition of 'DXGI_ERROR_NONEXCLUSIVE'
     1>c:\program files (x86)\microsoft directx sdk (june 2010)\include\dxgitype.h(33): warning C4005: 'DXGI_ERROR_NOT_CURRENTLY_AVAILABLE' : macro redefinition
                 C:\Program Files (x86)\Windows Kits\8.0\Include\shared\winerror.h(49629) : see previous definition of 'DXGI_ERROR_NOT_CURRENTLY_AVAILABLE'
     1>c:\program files (x86)\microsoft directx sdk (june 2010)\include\dxgitype.h(34): warning C4005: 'DXGI_ERROR_REMOTE_CLIENT_DISCONNECTED' : macro redefinition
                 C:\Program Files (x86)\Windows Kits\8.0\Include\shared\winerror.h(49639) : see previous definition of 'DXGI_ERROR_REMOTE_CLIENT_DISCONNECTED'
     1>c:\program files (x86)\microsoft directx sdk (june 2010)\include\dxgitype.h(35): warning C4005: 'DXGI_ERROR_REMOTE_OUTOFMEMORY' : macro redefinition
                 C:\Program Files (x86)\Windows Kits\8.0\Include\shared\winerror.h(49648) : see previous definition of 'DXGI_ERROR_REMOTE_OUTOFMEMORY'
     1>C:\Program Files (x86)\Microsoft DirectX SDK (June 2010)\include\d3d11.h(917): warning C4005: 'D3D11_ERROR_TOO_MANY_UNIQUE_STATE_OBJECTS' : macro redefinition
                 C:\Program Files (x86)\Windows Kits\8.0\Include\shared\winerror.h(49817) : see previous definition of 'D3D11_ERROR_TOO_MANY_UNIQUE_STATE_OBJECTS'
     1>C:\Program Files (x86)\Microsoft DirectX SDK (June 2010)\include\d3d11.h(918): warning C4005: 'D3D11_ERROR_FILE_NOT_FOUND' : macro redefinition
                 C:\Program Files (x86)\Windows Kits\8.0\Include\shared\winerror.h(49826) : see previous definition of 'D3D11_ERROR_FILE_NOT_FOUND'
     1>C:\Program Files (x86)\Microsoft DirectX SDK (June 2010)\include\d3d11.h(919): warning C4005: 'D3D11_ERROR_TOO_MANY_UNIQUE_VIEW_OBJECTS' : macro redefinition
                 C:\Program Files (x86)\Windows Kits\8.0\Include\shared\winerror.h(49836) : see previous definition of 'D3D11_ERROR_TOO_MANY_UNIQUE_VIEW_OBJECTS'
     1>C:\Program Files (x86)\Microsoft DirectX SDK (June 2010)\include\d3d11.h(920): warning C4005: 'D3D11_ERROR_DEFERRED_CONTEXT_MAP_WITHOUT_INITIAL_DISCARD' : macro redefinition
                 C:\Program Files (x86)\Windows Kits\8.0\Include\shared\winerror.h(49845) : see previous definition of 'D3D11_ERROR_DEFERRED_CONTEXT_MAP_WITHOUT_INITIAL_DISCARD'
     1>c:\program files (x86)\microsoft directx sdk (june 2010)\include\d3d10.h(608): warning C4005: 'D3D10_ERROR_TOO_MANY_UNIQUE_STATE_OBJECTS' : macro redefinition
                 C:\Program Files (x86)\Windows Kits\8.0\Include\shared\winerror.h(49793) : see previous definition of 'D3D10_ERROR_TOO_MANY_UNIQUE_STATE_OBJECTS'
     1>c:\program files (x86)\microsoft directx sdk (june 2010)\include\d3d10.h(609): warning C4005: 'D3D10_ERROR_FILE_NOT_FOUND' : macro redefinition
                 C:\Program Files (x86)\Windows Kits\8.0\Include\shared\winerror.h(49802) : see previous definition of 'D3D10_ERROR_FILE_NOT_FOUND'
     1>c:\programming\game programming\projects\breakout\breakout\breakout\D3DGraphics.h(6): fatal error C1083: Cannot open include file: 'SpriteFont.h': No such file or directory
     1>Done Building Project "C:\Programming\Game Programming\Projects\Breakout\Breakout\Breakout\Breakout.vcxproj" (build target(s)) -- FAILED.

Build FAILED.

Time Elapsed 00:00:02.42
