Build started 2/3/2013 12:14:16 AM.
     1>Project "C:\Programming\Game Programming\Projects\Breakout\Breakout\Breakout\Breakout.vcxproj" on node 2 (build target(s)).
     1>InitializeBuildStatus:
         Creating "Debug\Breakout.unsuccessfulbuild" because "AlwaysCreate" was specified.
       ClCompile:
         All outputs are up-to-date.
         c:\Program Files (x86)\Microsoft Visual Studio 10.0\VC\bin\CL.exe /c /I"C:\Programming\Game Programming\DirectXTK\Inc" /ZI /nologo /W3 /WX- /Od /Oy- /D WIN32 /D _DEBUG /D _UNICODE /D UNICODE /Gm /EHsc /RTC1 /MDd /GS /fp:precise /Zc:wchar_t /Zc:forScope /Fo"Debug\\" /Fd"Debug\vc100.pdb" /Gd /TP /analyze- /errorReport:prompt D3DGraphics.cpp
         D3DGraphics.cpp
     1>c:\programming\game programming\projects\breakout\breakout\breakout\d3dgraphics.cpp(176): warning C4244: 'argument' : conversion from 'float' to 'int', possible loss of data
     1>c:\programming\game programming\projects\breakout\breakout\breakout\d3dgraphics.cpp(176): warning C4244: 'argument' : conversion from 'float' to 'int', possible loss of data
     1>c:\programming\game programming\projects\breakout\breakout\breakout\d3dgraphics.cpp(210): warning C4244: '=' : conversion from 'int' to 'float', possible loss of data
     1>c:\programming\game programming\projects\breakout\breakout\breakout\d3dgraphics.cpp(212): warning C4244: 'argument' : conversion from 'float' to 'int', possible loss of data
     1>c:\programming\game programming\projects\breakout\breakout\breakout\d3dgraphics.cpp(212): warning C4244: 'argument' : conversion from 'float' to 'int', possible loss of data
       ResourceCompile:
         All outputs are up-to-date.
       ManifestResourceCompile:
         All outputs are up-to-date.
       Link:
         c:\Program Files (x86)\Microsoft Visual Studio 10.0\VC\bin\link.exe /ERRORREPORT:PROMPT /OUT:"C:\Programming\Game Programming\Projects\Breakout\Breakout\Debug\Breakout.exe" /INCREMENTAL /NOLOGO d3dx10.lib d3d11.lib d3dx11.lib dxerr.lib kernel32.lib user32.lib gdi32.lib winspool.lib comdlg32.lib advapi32.lib shell32.lib ole32.lib oleaut32.lib uuid.lib odbc32.lib odbccp32.lib /MANIFEST /ManifestFile:"Debug\Breakout.exe.intermediate.manifest" /MANIFESTUAC:"level='asInvoker' uiAccess='false'" /DEBUG /PDB:"C:\Programming\Game Programming\Projects\Breakout\Breakout\Debug\Breakout.pdb" /SUBSYSTEM:WINDOWS /TLBID:1 /DYNAMICBASE /NXCOMPAT /IMPLIB:"C:\Programming\Game Programming\Projects\Breakout\Breakout\Debug\Breakout.lib" /MACHINE:X86 Debug\Breakout.res
         Debug\Breakout.exe.embed.manifest.res
         Debug\Breakout.obj
         Debug\CameraClass.obj
         Debug\ColorShaderClass.obj
         Debug\D3D.obj
         Debug\D3DGraphics.obj
         Debug\Game.obj
         Debug\Keyboard.obj
         Debug\Sprite.obj
         Debug\stdafx.obj
         Debug\TextureClass.obj
         Debug\TextureShaderClass.obj
         Debug\Window.obj
         "C:\Programming\Game Programming\DirectXTK\Bin\Desktop_2010\Win32\Debug\DirectXTK.lib"
       Manifest:
         C:\Program Files (x86)\Windows Kits\8.0\bin\x86\mt.exe /nologo /verbose /out:"Debug\Breakout.exe.embed.manifest" /manifest Debug\Breakout.exe.intermediate.manifest
         All outputs are up-to-date.
       LinkEmbedManifest:
         All outputs are up-to-date.
         Breakout.vcxproj -> C:\Programming\Game Programming\Projects\Breakout\Breakout\Debug\Breakout.exe
       FinalizeBuildStatus:
         Deleting file "Debug\Breakout.unsuccessfulbuild".
         Touching "Debug\Breakout.lastbuildstate".
     1>Done Building Project "C:\Programming\Game Programming\Projects\Breakout\Breakout\Breakout\Breakout.vcxproj" (build target(s)).

Build succeeded.

Time Elapsed 00:00:03.33
