C:\PROGRAMMING\GAME PROGRAMMING\PROJECTS\BREAKOUT\BREAKOUT\BREAKOUT\DEBUG\BREAKOUT.EXE.EMBED.MANIFEST
C:\PROGRAMMING\GAME PROGRAMMING\PROJECTS\BREAKOUT\BREAKOUT\BREAKOUT\DEBUG\BREAKOUT.EXE.EMBED.MANIFEST.RES
C:\PROGRAMMING\GAME PROGRAMMING\PROJECTS\BREAKOUT\BREAKOUT\BREAKOUT\DEBUG\BREAKOUT.EXE.INTERMEDIATE.MANIFEST
C:\PROGRAMMING\GAME PROGRAMMING\PROJECTS\BREAKOUT\BREAKOUT\BREAKOUT\DEBUG\BREAKOUT.OBJ
C:\PROGRAMMING\GAME PROGRAMMING\PROJECTS\BREAKOUT\BREAKOUT\BREAKOUT\DEBUG\BREAKOUT.PCH
C:\PROGRAMMING\GAME PROGRAMMING\PROJECTS\BREAKOUT\BREAKOUT\BREAKOUT\DEBUG\BREAKOUT.RES
C:\Programming\Game Programming\Projects\Breakout\Breakout\Breakout\Debug\Breakout.write.1.tlog
C:\Programming\Game Programming\Projects\Breakout\Breakout\Breakout\Debug\Breakout_manifest.rc
C:\PROGRAMMING\GAME PROGRAMMING\PROJECTS\BREAKOUT\BREAKOUT\BREAKOUT\DEBUG\CAMERACLASS.OBJ
C:\Programming\Game Programming\Projects\Breakout\Breakout\Breakout\Debug\cl.command.1.tlog
C:\Programming\Game Programming\Projects\Breakout\Breakout\Breakout\Debug\CL.read.1.tlog
C:\Programming\Game Programming\Projects\Breakout\Breakout\Breakout\Debug\CL.write.1.tlog
C:\PROGRAMMING\GAME PROGRAMMING\PROJECTS\BREAKOUT\BREAKOUT\BREAKOUT\DEBUG\COLORSHADERCLASS.OBJ
C:\PROGRAMMING\GAME PROGRAMMING\PROJECTS\BREAKOUT\BREAKOUT\BREAKOUT\DEBUG\D3D.OBJ
C:\PROGRAMMING\GAME PROGRAMMING\PROJECTS\BREAKOUT\BREAKOUT\BREAKOUT\DEBUG\D3DGRAPHICS.OBJ
C:\PROGRAMMING\GAME PROGRAMMING\PROJECTS\BREAKOUT\BREAKOUT\BREAKOUT\DEBUG\GAME.OBJ
C:\PROGRAMMING\GAME PROGRAMMING\PROJECTS\BREAKOUT\BREAKOUT\BREAKOUT\DEBUG\KEYBOARD.OBJ
C:\Programming\Game Programming\Projects\Breakout\Breakout\Breakout\Debug\link.992.read.1.tlog
C:\Programming\Game Programming\Projects\Breakout\Breakout\Breakout\Debug\link.992.write.1.tlog
C:\Programming\Game Programming\Projects\Breakout\Breakout\Breakout\Debug\link.992-cvtres.read.1.tlog
C:\Programming\Game Programming\Projects\Breakout\Breakout\Breakout\Debug\link.992-cvtres.write.1.tlog
C:\Programming\Game Programming\Projects\Breakout\Breakout\Breakout\Debug\link.command.1.tlog
C:\Programming\Game Programming\Projects\Breakout\Breakout\Breakout\Debug\link.read.1.tlog
C:\Programming\Game Programming\Projects\Breakout\Breakout\Breakout\Debug\link.write.1.tlog
C:\Programming\Game Programming\Projects\Breakout\Breakout\Breakout\Debug\link-cvtres.read.1.tlog
C:\Programming\Game Programming\Projects\Breakout\Breakout\Breakout\Debug\link-cvtres.write.1.tlog
C:\Programming\Game Programming\Projects\Breakout\Breakout\Breakout\Debug\mt.command.1.tlog
C:\Programming\Game Programming\Projects\Breakout\Breakout\Breakout\Debug\mt.read.1.tlog
C:\Programming\Game Programming\Projects\Breakout\Breakout\Breakout\Debug\mt.write.1.tlog
C:\Programming\Game Programming\Projects\Breakout\Breakout\Breakout\Debug\rc.command.1.tlog
C:\Programming\Game Programming\Projects\Breakout\Breakout\Breakout\Debug\rc.read.1.tlog
C:\Programming\Game Programming\Projects\Breakout\Breakout\Breakout\Debug\rc.write.1.tlog
C:\Programming\Game Programming\Projects\Breakout\Breakout\Breakout\Debug\ResolveAssemblyReference.cache
C:\PROGRAMMING\GAME PROGRAMMING\PROJECTS\BREAKOUT\BREAKOUT\BREAKOUT\DEBUG\SPRITE.OBJ
C:\PROGRAMMING\GAME PROGRAMMING\PROJECTS\BREAKOUT\BREAKOUT\BREAKOUT\DEBUG\STDAFX.OBJ
C:\PROGRAMMING\GAME PROGRAMMING\PROJECTS\BREAKOUT\BREAKOUT\BREAKOUT\DEBUG\TEXTURECLASS.OBJ
C:\PROGRAMMING\GAME PROGRAMMING\PROJECTS\BREAKOUT\BREAKOUT\BREAKOUT\DEBUG\TEXTURESHADERCLASS.OBJ
C:\Programming\Game Programming\Projects\Breakout\Breakout\Breakout\Debug\vc100.idb
C:\PROGRAMMING\GAME PROGRAMMING\PROJECTS\BREAKOUT\BREAKOUT\BREAKOUT\DEBUG\VC100.PDB
C:\PROGRAMMING\GAME PROGRAMMING\PROJECTS\BREAKOUT\BREAKOUT\BREAKOUT\DEBUG\WINDOW.OBJ
C:\PROGRAMMING\GAME PROGRAMMING\PROJECTS\BREAKOUT\BREAKOUT\DEBUG\BREAKOUT.EXE
C:\PROGRAMMING\GAME PROGRAMMING\PROJECTS\BREAKOUT\BREAKOUT\DEBUG\BREAKOUT.ILK
C:\PROGRAMMING\GAME PROGRAMMING\PROJECTS\BREAKOUT\BREAKOUT\DEBUG\BREAKOUT.PDB
